<?xml version="1.0" encoding="UTF-8"?>
<!-- Generated by org.testng.reporters.JUnitXMLReporter -->
<testsuite hostname="LAPTOP-9RLL9BBQ" name="Test" tests="4" failures="0" timestamp="28 Aug 2020 17:09:31 GMT" time="51.976" errors="0">
  <testcase name="basePageNavigation" time="17.986" classname="Academy.HomePage"/>
  <testcase name="basePageNavigation" time="4.594" classname="Academy.HomePage"/>
  <testcase name="basePageNavigation" time="2.701" classname="Academy.validateText"/>
  <testcase name="HomePageNavigationBar" time="5.788" classname="Academy.validateNavigation"/>
</testsuite> <!-- Test -->
