<?xml version="1.0" encoding="UTF-8"?>
<!-- Generated by org.testng.reporters.JUnitXMLReporter -->
<testsuite hostname="LAPTOP-9RLL9BBQ" name="Test" tests="4" failures="0" timestamp="28 Aug 2020 17:11:00 GMT" time="53.899" errors="0">
  <testcase name="basePageNavigation" time="10.2" classname="Academy.HomePage"/>
  <testcase name="basePageNavigation" time="6.513" classname="Academy.HomePage"/>
  <testcase name="basePageNavigation" time="3.853" classname="Academy.validateText"/>
  <testcase name="HomePageNavigationBar" time="11.819" classname="Academy.validateNavigation"/>
</testsuite> <!-- Test -->
