<?xml version="1.0" encoding="UTF-8"?>
<testsuite xmlns:xsi="http://www.w3.org/2001/XMLSchema-instance" xsi:noNamespaceSchemaLocation="https://maven.apache.org/surefire/maven-surefire-plugin/xsd/surefire-test-report-3.0.xsd" version="3.0" name="TestSuite" time="103.43" tests="4" errors="0" skipped="0" failures="2">
  <properties>
[...]
</properties>
  <testcase name="HomePageNavigationBar" classname="Academy.validateNavigation" time="0.851">
    <system-out><![CDATA[chrome
chrome
chrome
Link clicked
Link clicked
]]></system-out>
    <system-err><![CDATA[Starting ChromeDriver 85.0.4183.83 (94abc2237ae0c9a4cb5f035431c8adfb94324633-refs/branch-heads/4183@{#1658}) on port 48153
Only local coSnntearcttiinongs C ahrroem ealDlrowievd.er
P le8as5e. se0e .ht4t1p8s3:/./8c3h ro(m9e4darbicv2e2r3.7cahero0micum9.ao4rcbg5/fs0e3c5u4r3i1tcy8-acdofnbs9i4d3e2r4a6ti3o3n-s rfoerf ssu/gbgersatinoncs ohn -kheeepaidnsg/ 4C1h8ro3m@eD{r#iv1e6r 5s8af}e). 
on port 18364
Only local connections are allowed.
Please see https://chromedriver.chromium.org/security-considerations for sCSuhgtrgeoamsrtetDiroiinnsvge  roChn r wokamesee Dsprtiinavrget reCh dr 8so5.um0ce.cD4re1si8sv3fe.ru8 l3ls ya(.f9e4a
.bc
223Ch7raomee0cD9rai4vecrb 5wf0as3 5st4a3rt1edc 8suaccdefssbfu9l4ly3.2
4633-refs/branch-heads/4183@{#1658}) on port 41885
Only local connections are allowed.
Please see https://chromedriver.chromium.org/security-considerations for suggestions on keeping ChromeDriver safe.
ChromeDriver was started successfully.
[1[5159988669955882233..445588]][[WWAARRNNIINNGG]]::  TTiimmeedd  oouutt  ccoonnnn[eecc1ttiinngg to Chrome, to Chrome, r5et98ry69i5n8g.2.3.458][WARNING]: Timed out connecting to Chrome, retrying...
 retrying...
.
Aug 29, 2020 3:40:28 PM org.openqa.selenium.remote.ProtocolHandshake createSession
INFO: Detected dialect: W3C
Aug 29, 2020 3:40:28 PM org.openqa.selenium.remote.ProtocolHandshake createSession
INFO: Detected dialect: W3C
Aug 29, 2020 3:40:28 PM org.openqa.selenium.remote.ProtocolHandshake createSession
INFO: Detected dialect: W3C
]]></system-err>
  </testcase>
  <testcase name="validateTitleText" classname="Academy.validateText" time="1.059">
    <failure message="expected:&lt;...&gt; but was:&lt;...123&gt;" type="junit.framework.ComparisonFailure"><![CDATA[junit.framework.ComparisonFailure: expected:<...> but was:<...123>
	at Academy.validateText.validateTitleText(validateText.java:47)
]]></failure>
  </testcase>
  <testcase name="basePageNavigation[nonrestricteddata, 12345, Restricted User](1)" classname="Academy.HomePage" time="3.151">
    <failure message="element click intercepted: Element &lt;a href=&quot;https://rahulshettyacademy.com/sign_in/&quot;&gt;...&lt;/a&gt; is not clickable at point (992, 16). Other element would receive the click: &lt;div class=&quot;listbuilder-popup-content&quot;&gt;...&lt;/div&gt;&#10;  (Session info: chrome=85.0.4183.83)&#10;Build info: version: &apos;3.141.59&apos;, revision: &apos;e82be7d358&apos;, time: &apos;2018-11-14T08:17:03&apos;&#10;System info: host: &apos;LAPTOP-9RLL9BBQ&apos;, ip: &apos;192.168.1.3&apos;, os.name: &apos;Windows 10&apos;, os.arch: &apos;amd64&apos;, os.version: &apos;10.0&apos;, java.version: &apos;1.8.0_181&apos;&#10;Driver info: org.openqa.selenium.chrome.ChromeDriver&#10;Capabilities {acceptInsecureCerts: false, browserName: chrome, browserVersion: 85.0.4183.83, chrome: {chromedriverVersion: 85.0.4183.83 (94abc2237ae0c..., userDataDir: C:\Users\Papiya\AppData\Loc...}, goog:chromeOptions: {debuggerAddress: localhost:56896}, javascriptEnabled: true, networkConnectionEnabled: false, pageLoadStrategy: normal, platform: WINDOWS, platformName: WINDOWS, proxy: Proxy(), setWindowRect: true, strictFileInteractability: false, timeouts: {implicit: 0, pageLoad: 300000, script: 30000}, unhandledPromptBehavior: dismiss and notify, webauthn:virtualAuthenticators: true}&#10;Session ID: fe747a75ebf759def59fd57eb33fe224" type="org.openqa.selenium.ElementClickInterceptedException"><![CDATA[org.openqa.selenium.ElementClickInterceptedException: 
element click intercepted: Element <a href="https://rahulshettyacademy.com/sign_in/">...</a> is not clickable at point (992, 16). Other element would receive the click: <div class="listbuilder-popup-content">...</div>
  (Session info: chrome=85.0.4183.83)
Build info: version: '3.141.59', revision: 'e82be7d358', time: '2018-11-14T08:17:03'
System info: host: 'LAPTOP-9RLL9BBQ', ip: '192.168.1.3', os.name: 'Windows 10', os.arch: 'amd64', os.version: '10.0', java.version: '1.8.0_181'
Driver info: org.openqa.selenium.chrome.ChromeDriver
Capabilities {acceptInsecureCerts: false, browserName: chrome, browserVersion: 85.0.4183.83, chrome: {chromedriverVersion: 85.0.4183.83 (94abc2237ae0c..., userDataDir: C:\Users\Papiya\AppData\Loc...}, goog:chromeOptions: {debuggerAddress: localhost:56896}, javascriptEnabled: true, networkConnectionEnabled: false, pageLoadStrategy: normal, platform: WINDOWS, platformName: WINDOWS, proxy: Proxy(), setWindowRect: true, strictFileInteractability: false, timeouts: {implicit: 0, pageLoad: 300000, script: 30000}, unhandledPromptBehavior: dismiss and notify, webauthn:virtualAuthenticators: true}
Session ID: fe747a75ebf759def59fd57eb33fe224
	at Academy.HomePage.basePageNavigation(HomePage.java:49)
]]></failure>
  </testcase>
  <testcase name="basePageNavigation[restricteddata, 12345, Non Restricted User](2)" classname="Academy.HomePage" time="7.566">
    <system-out><![CDATA[Link clicked
Non Restricted User
Invalid email or password.
]]></system-out>
  </testcase>
</testsuite>